<?xml version="1.0" encoding="UTF-8"?>
<!-- Generated by org.testng.reporters.JUnitXMLReporter -->
<testsuite ignored="0" hostname="DESKTOP-PP2LQR6" failures="0" tests="3" name="Chrome on Windows 10" time="142.328" errors="0" timestamp="2025-01-12T16:06:06 IST">
  <testcase classname="seleniumPKG.window_10_Chrome_Selenium" name="testSimpleFormDemo" time="7.49"/>
  <testcase classname="seleniumPKG.window_10_Chrome_Selenium" name="testDragAndDropSlider" time="5.615"/>
  <testcase classname="seleniumPKG.window_10_Chrome_Selenium" name="testInputFormSubmit" time="9.735"/>
</testsuite> <!-- Chrome on Windows 10 -->
