<?xml version="1.0" encoding="UTF-8"?>
<!-- Generated by org.testng.reporters.JUnitXMLReporter -->
<testsuite ignored="0" hostname="DESKTOP-PP2LQR6" failures="0" tests="3" name="Firefox on Windows 11" time="181.76" errors="0" timestamp="2025-01-12T16:06:46 IST">
  <testcase classname="seleniumPKG.window_10_FFox_Selenium" name="testSimpleFormDemo" time="11.806"/>
  <testcase classname="seleniumPKG.window_10_FFox_Selenium" name="testDragAndDropSlider" time="11.492"/>
  <testcase classname="seleniumPKG.window_10_FFox_Selenium" name="testInputFormSubmit" time="18.296"/>
</testsuite> <!-- Firefox on Windows 11 -->
